# JRE version: OpenJDK Runtime Environment Temurin-21.0.12.1+1 (21.0.12.1+1) (build 21.0.12.1+1-LTS)
# Java VM: OpenJDK 64-Bit Server VM Temurin-21.0.12.1+1 (21.0.12.1+1-LTS, mixed mode, sharing, tiered, compressed class ptrs, parallel gc, windows-amd64)
GC Precious Log:
 CardTable entry size: 512
 CPUs: 4 total, 4 available
 Memory: 14278M
 Large Page Support: Disabled
 NUMA Support: Disabled
 Compressed Oops: Disabled
 Alignments: Space 512K, Generation 512K, Heap 2M
 Heap Min Capacity: 100M
 Heap Initial Capacity: 100M
 Heap Max Capacity: 256G
 Pre-touch: Disabled
 Parallel Workers: 4
Heap:
 PSYoungGen      total 3072K, used 2123K [0x0000021828900000, 0x0000021828e00000, 0x0000022d7de00000)
  eden space 1536K, 64% used [0x0000021828900000,0x00000218289f6f08,0x0000021828a80000)
  from space 1536K, 73% used [0x0000021828c80000,0x0000021828d9c010,0x0000021828e00000)
  to   space 1536K, 0% used [0x0000021828b00000,0x0000021828b00000,0x0000021828c80000)
 ParOldGen       total 204800K, used 204543K [0x000001ed7de00000, 0x000001ed8a600000, 0x0000021828900000)
  object space 204800K, 99% used [0x000001ed7de00000,0x000001ed8a5bff68,0x000001ed8a600000)
 Metaspace       used 76191K, committed 77568K, reserved 1179648K
  class space    used 7709K, committed 8320K, reserved 1048576K
GC Heap History (20 events):
Event: 2844.977 GC heap before
{Heap before GC invocations=650 (full 5):
 PSYoungGen      total 2560K, used 2391K [0x0000021828900000, 0x0000021828d00000, 0x0000022d7de00000)
  eden space 1024K, 99% used [0x0000021828900000,0x00000218289fdcc0,0x0000021828a00000)
  from space 1536K, 89% used [0x0000021828b80000,0x0000021828cd8020,0x0000021828d00000)
  to   space 1536K, 0% used [0x0000021828a00000,0x0000021828a00000,0x0000021828b80000)
 ParOldGen       total 203776K, used 203361K [0x000001ed7de00000, 0x000001ed8a500000, 0x0000021828900000)
  object space 203776K, 99% used [0x000001ed7de00000,0x000001ed8a498528,0x000001ed8a500000)
 Metaspace       used 76184K, committed 77568K, reserved 1179648K
  class space    used 7709K, committed 8320K, reserved 1048576K
}
Event: 2844.979 GC heap after
{Heap after GC invocations=650 (full 5):
 PSYoungGen      total 2560K, used 1392K [0x0000021828900000, 0x0000021828d80000, 0x0000022d7de00000)
  eden space 1024K, 0% used [0x0000021828900000,0x0000021828900000,0x0000021828a00000)
  from space 1536K, 90% used [0x0000021828a00000,0x0000021828b5c010,0x0000021828b80000)
  to   space 1536K, 0% used [0x0000021828c00000,0x0000021828c00000,0x0000021828d80000)
 ParOldGen       total 203776K, used 203661K [0x000001ed7de00000, 0x000001ed8a500000, 0x0000021828900000)
  object space 203776K, 99% used [0x000001ed7de00000,0x000001ed8a4e3678,0x000001ed8a500000)
 Metaspace       used 76184K, committed 77568K, reserved 1179648K
  class space    used 7709K, committed 8320K, reserved 1048576K
}
Event: 2844.982 GC heap before
{Heap before GC invocations=651 (full 5):
 PSYoungGen      total 2560K, used 2416K [0x0000021828900000, 0x0000021828d80000, 0x0000022d7de00000)
  eden space 1024K, 100% used [0x0000021828900000,0x0000021828a00000,0x0000021828a00000)
  from space 1536K, 90% used [0x0000021828a00000,0x0000021828b5c010,0x0000021828b80000)
  to   space 1536K, 0% used [0x0000021828c00000,0x0000021828c00000,0x0000021828d80000)
 ParOldGen       total 203776K, used 203661K [0x000001ed7de00000, 0x000001ed8a500000, 0x0000021828900000)
  object space 203776K, 99% used [0x000001ed7de00000,0x000001ed8a4e3678,0x000001ed8a500000)
 Metaspace       used 76184K, committed 77568K, reserved 1179648K
  class space    used 7709K, committed 8320K, reserved 1048576K
}
Event: 2844.984 GC heap after
{Heap after GC invocations=651 (full 5):
 PSYoungGen      total 2560K, used 1504K [0x0000021828900000, 0x0000021828e80000, 0x0000022d7de00000)
  eden space 1024K, 0% used [0x0000021828900000,0x0000021828900000,0x0000021828a00000)
  from space 1536K, 97% used [0x0000021828c00000,0x0000021828d78020,0x0000021828d80000)
  to   space 2048K, 0% used [0x0000021828a00000,0x0000021828a00000,0x0000021828c00000)
 ParOldGen       total 204288K, used 203861K [0x000001ed7de00000, 0x000001ed8a580000, 0x0000021828900000)
  object space 204288K, 99% used [0x000001ed7de00000,0x000001ed8a515678,0x000001ed8a580000)
 Metaspace       used 76184K, committed 77568K, reserved 1179648K
  class space    used 7709K, committed 8320K, reserved 1048576K
}
Event: 2844.990 GC heap before
{Heap before GC invocations=652 (full 5):
 PSYoungGen      total 2560K, used 2528K [0x0000021828900000, 0x0000021828e80000, 0x0000022d7de00000)
  eden space 1024K, 100% used [0x0000021828900000,0x0000021828a00000,0x0000021828a00000)
  from space 1536K, 97% used [0x0000021828c00000,0x0000021828d78020,0x0000021828d80000)
  to   space 2048K, 0% used [0x0000021828a00000,0x0000021828a00000,0x0000021828c00000)
 ParOldGen       total 204288K, used 203861K [0x000001ed7de00000, 0x000001ed8a580000, 0x0000021828900000)
  object space 204288K, 99% used [0x000001ed7de00000,0x000001ed8a515678,0x000001ed8a580000)
 Metaspace       used 76184K, committed 77568K, reserved 1179648K
  class space    used 7709K, committed 8320K, reserved 1048576K
}
Event: 2844.992 GC heap after
{Heap after GC invocations=652 (full 5):
 PSYoungGen      total 3072K, used 1888K [0x0000021828900000, 0x0000021828e80000, 0x0000022d7de00000)
  eden space 1024K, 0% used [0x0000021828900000,0x0000021828900000,0x0000021828a00000)
  from space 2048K, 92% used [0x0000021828a00000,0x0000021828bd8020,0x0000021828c00000)
  to   space 2048K, 0% used [0x0000021828c80000,0x0000021828c80000,0x0000021828e80000)
 ParOldGen       total 204288K, used 203877K [0x000001ed7de00000, 0x000001ed8a580000, 0x0000021828900000)
  object space 204288K, 99% used [0x000001ed7de00000,0x000001ed8a519678,0x000001ed8a580000)
 Metaspace       used 76184K, committed 77568K, reserved 1179648K
  class space    used 7709K, committed 8320K, reserved 1048576K
}
Event: 2845.420 GC heap before
{Heap before GC invocations=653 (full 5):
 PSYoungGen      total 3072K, used 2912K [0x0000021828900000, 0x0000021828e80000, 0x0000022d7de00000)
  eden space 1024K, 100% used [0x0000021828900000,0x0000021828a00000,0x0000021828a00000)
  from space 2048K, 92% used [0x0000021828a00000,0x0000021828bd8020,0x0000021828c00000)
  to   space 2048K, 0% used [0x0000021828c80000,0x0000021828c80000,0x0000021828e80000)
 ParOldGen       total 204288K, used 203877K [0x000001ed7de00000, 0x000001ed8a580000, 0x0000021828900000)
  object space 204288K, 99% used [0x000001ed7de00000,0x000001ed8a519678,0x000001ed8a580000)
 Metaspace       used 76184K, committed 77568K, reserved 1179648K
  class space    used 7709K, committed 8320K, reserved 1048576K
}
Event: 2845.422 GC heap after
{Heap after GC invocations=653 (full 5):
 PSYoungGen      total 3584K, used 1680K [0x0000021828900000, 0x0000021828e80000, 0x0000022d7de00000)
  eden space 1536K, 0% used [0x0000021828900000,0x0000021828900000,0x0000021828a80000)
  from space 2048K, 82% used [0x0000021828c80000,0x0000021828e24010,0x0000021828e80000)
  to   space 2048K, 0% used [0x0000021828a80000,0x0000021828a80000,0x0000021828c80000)
 ParOldGen       total 204288K, used 203877K [0x000001ed7de00000, 0x000001ed8a580000, 0x0000021828900000)
  object space 204288K, 99% used [0x000001ed7de00000,0x000001ed8a519678,0x000001ed8a580000)
 Metaspace       used 76184K, committed 77568K, reserved 1179648K
  class space    used 7709K, committed 8320K, reserved 1048576K
}
Event: 2845.573 GC heap before
{Heap before GC invocations=654 (full 5):
 PSYoungGen      total 3584K, used 3216K [0x0000021828900000, 0x0000021828e80000, 0x0000022d7de00000)
  eden space 1536K, 100% used [0x0000021828900000,0x0000021828a80000,0x0000021828a80000)
  from space 2048K, 82% used [0x0000021828c80000,0x0000021828e24010,0x0000021828e80000)
  to   space 2048K, 0% used [0x0000021828a80000,0x0000021828a80000,0x0000021828c80000)
 ParOldGen       total 204288K, used 203877K [0x000001ed7de00000, 0x000001ed8a580000, 0x0000021828900000)
  object space 204288K, 99% used [0x000001ed7de00000,0x000001ed8a519678,0x000001ed8a580000)
 Metaspace       used 76185K, committed 77568K, reserved 1179648K
  class space    used 7709K, committed 8320K, reserved 1048576K
}
Event: 2845.575 GC heap after
{Heap after GC invocations=654 (full 5):
 PSYoungGen      total 3584K, used 1968K [0x0000021828900000, 0x0000021828f00000, 0x0000022d7de00000)
  eden space 1536K, 0% used [0x0000021828900000,0x0000021828900000,0x0000021828a80000)
  from space 2048K, 96% used [0x0000021828a80000,0x0000021828c6c010,0x0000021828c80000)
  to   space 2048K, 0% used [0x0000021828d00000,0x0000021828d00000,0x0000021828f00000)
 ParOldGen       total 204288K, used 203933K [0x000001ed7de00000, 0x000001ed8a580000, 0x0000021828900000)
  object space 204288K, 99% used [0x000001ed7de00000,0x000001ed8a527678,0x000001ed8a580000)
 Metaspace       used 76185K, committed 77568K, reserved 1179648K
  class space    used 7709K, committed 8320K, reserved 1048576K
}
Event: 2846.128 GC heap before
{Heap before GC invocations=655 (full 5):
 PSYoungGen      total 3584K, used 3504K [0x0000021828900000, 0x0000021828f00000, 0x0000022d7de00000)
  eden space 1536K, 100% used [0x0000021828900000,0x0000021828a80000,0x0000021828a80000)
  from space 2048K, 96% used [0x0000021828a80000,0x0000021828c6c010,0x0000021828c80000)
  to   space 2048K, 0% used [0x0000021828d00000,0x0000021828d00000,0x0000021828f00000)
 ParOldGen       total 204288K, used 203933K [0x000001ed7de00000, 0x000001ed8a580000, 0x0000021828900000)
  object space 204288K, 99% used [0x000001ed7de00000,0x000001ed8a527678,0x000001ed8a580000)
 Metaspace       used 76185K, committed 77568K, reserved 1179648K
  class space    used 7709K, committed 8320K, reserved 1048576K
}
Event: 2846.131 GC heap after
{Heap after GC invocations=655 (full 5):
 PSYoungGen      total 3584K, used 1760K [0x0000021828900000, 0x0000021828f00000, 0x0000022d7de00000)
  eden space 1536K, 0% used [0x0000021828900000,0x0000021828900000,0x0000021828a80000)
  from space 2048K, 85% used [0x0000021828d00000,0x0000021828eb8020,0x0000021828f00000)
  to   space 2048K, 0% used [0x0000021828a80000,0x0000021828a80000,0x0000021828c80000)
 ParOldGen       total 204288K, used 203949K [0x000001ed7de00000, 0x000001ed8a580000, 0x0000021828900000)
  object space 204288K, 99% used [0x000001ed7de00000,0x000001ed8a52b678,0x000001ed8a580000)
 Metaspace       used 76185K, committed 77568K, reserved 1179648K
  class space    used 7709K, committed 8320K, reserved 1048576K
}
Event: 2846.229 GC heap before
{Heap before GC invocations=656 (full 5):
 PSYoungGen      total 3584K, used 3296K [0x0000021828900000, 0x0000021828f00000, 0x0000022d7de00000)
  eden space 1536K, 100% used [0x0000021828900000,0x0000021828a80000,0x0000021828a80000)
  from space 2048K, 85% used [0x0000021828d00000,0x0000021828eb8020,0x0000021828f00000)
  to   space 2048K, 0% used [0x0000021828a80000,0x0000021828a80000,0x0000021828c80000)
 ParOldGen       total 204288K, used 203949K [0x000001ed7de00000, 0x000001ed8a580000, 0x0000021828900000)
  object space 204288K, 99% used [0x000001ed7de00000,0x000001ed8a52b678,0x000001ed8a580000)
 Metaspace       used 76186K, committed 77568K, reserved 1179648K
  class space    used 7709K, committed 8320K, reserved 1048576K
}
Event: 2846.231 GC heap after
{Heap after GC invocations=656 (full 5):
 PSYoungGen      total 3584K, used 1904K [0x0000021828900000, 0x0000021828e80000, 0x0000022d7de00000)
  eden space 1536K, 0% used [0x0000021828900000,0x0000021828900000,0x0000021828a80000)
  from space 2048K, 92% used [0x0000021828a80000,0x0000021828c5c030,0x0000021828c80000)
  to   space 2048K, 0% used [0x0000021828c80000,0x0000021828c80000,0x0000021828e80000)
 ParOldGen       total 204288K, used 203949K [0x000001ed7de00000, 0x000001ed8a580000, 0x0000021828900000)
  object space 204288K, 99% used [0x000001ed7de00000,0x000001ed8a52b678,0x000001ed8a580000)
 Metaspace       used 76186K, committed 77568K, reserved 1179648K
  class space    used 7709K, committed 8320K, reserved 1048576K
}
Event: 3125.186 GC heap before
{Heap before GC invocations=657 (full 5):
 PSYoungGen      total 3584K, used 3440K [0x0000021828900000, 0x0000021828e80000, 0x0000022d7de00000)
  eden space 1536K, 100% used [0x0000021828900000,0x0000021828a80000,0x0000021828a80000)
  from space 2048K, 92% used [0x0000021828a80000,0x0000021828c5c030,0x0000021828c80000)
  to   space 2048K, 0% used [0x0000021828c80000,0x0000021828c80000,0x0000021828e80000)
 ParOldGen       total 204288K, used 203949K [0x000001ed7de00000, 0x000001ed8a580000, 0x0000021828900000)
  object space 204288K, 99% used [0x000001ed7de00000,0x000001ed8a52b678,0x000001ed8a580000)
 Metaspace       used 76191K, committed 77568K, reserved 1179648K
  class space    used 7709K, committed 8320K, reserved 1048576K
}
Event: 3125.189 GC heap after
{Heap after GC invocations=657 (full 5):
 PSYoungGen      total 3584K, used 1664K [0x0000021828900000, 0x0000021828e80000, 0x0000022d7de00000)
  eden space 1536K, 0% used [0x0000021828900000,0x0000021828900000,0x0000021828a80000)
  from space 2048K, 81% used [0x0000021828c80000,0x0000021828e20020,0x0000021828e80000)
  to   space 2048K, 0% used [0x0000021828a80000,0x0000021828a80000,0x0000021828c80000)
 ParOldGen       total 204288K, used 203949K [0x000001ed7de00000, 0x000001ed8a580000, 0x0000021828900000)
  object space 204288K, 99% used [0x000001ed7de00000,0x000001ed8a52b678,0x000001ed8a580000)
 Metaspace       used 76191K, committed 77568K, reserved 1179648K
  class space    used 7709K, committed 8320K, reserved 1048576K
}
Event: 3660.619 GC heap before
{Heap before GC invocations=658 (full 5):
 PSYoungGen      total 3584K, used 3200K [0x0000021828900000, 0x0000021828e80000, 0x0000022d7de00000)
  eden space 1536K, 99% used [0x0000021828900000,0x0000021828a7fff0,0x0000021828a80000)
  from space 2048K, 81% used [0x0000021828c80000,0x0000021828e20020,0x0000021828e80000)
  to   space 2048K, 0% used [0x0000021828a80000,0x0000021828a80000,0x0000021828c80000)
 ParOldGen       total 204288K, used 203949K [0x000001ed7de00000, 0x000001ed8a580000, 0x0000021828900000)
  object space 204288K, 99% used [0x000001ed7de00000,0x000001ed8a52b678,0x000001ed8a580000)
 Metaspace       used 76191K, committed 77568K, reserved 1179648K
  class space    used 7709K, committed 8320K, reserved 1048576K
}
Event: 3660.622 GC heap after
{Heap after GC invocations=658 (full 5):
 PSYoungGen      total 3584K, used 1552K [0x0000021828900000, 0x0000021828e80000, 0x0000022d7de00000)
  eden space 1536K, 0% used [0x0000021828900000,0x0000021828900000,0x0000021828a80000)
  from space 2048K, 75% used [0x0000021828a80000,0x0000021828c04010,0x0000021828c80000)
  to   space 2048K, 0% used [0x0000021828c80000,0x0000021828c80000,0x0000021828e80000)
 ParOldGen       total 204288K, used 204047K [0x000001ed7de00000, 0x000001ed8a580000, 0x0000021828900000)
  object space 204288K, 99% used [0x000001ed7de00000,0x000001ed8a543f58,0x000001ed8a580000)
 Metaspace       used 76191K, committed 77568K, reserved 1179648K
  class space    used 7709K, committed 8320K, reserved 1048576K
}
Event: 3671.741 GC heap before
{Heap before GC invocations=659 (full 5):
 PSYoungGen      total 3584K, used 3088K [0x0000021828900000, 0x0000021828e80000, 0x0000022d7de00000)
  eden space 1536K, 100% used [0x0000021828900000,0x0000021828a80000,0x0000021828a80000)
  from space 2048K, 75% used [0x0000021828a80000,0x0000021828c04010,0x0000021828c80000)
  to   space 2048K, 0% used [0x0000021828c80000,0x0000021828c80000,0x0000021828e80000)
 ParOldGen       total 204288K, used 204047K [0x000001ed7de00000, 0x000001ed8a580000, 0x0000021828900000)
  object space 204288K, 99% used [0x000001ed7de00000,0x000001ed8a543f58,0x000001ed8a580000)
 Metaspace       used 76191K, committed 77568K, reserved 1179648K
  class space    used 7709K, committed 8320K, reserved 1048576K
}
Event: 3671.743 GC heap after
{Heap after GC invocations=659 (full 5):
 PSYoungGen      total 3072K, used 1136K [0x0000021828900000, 0x0000021828e00000, 0x0000022d7de00000)
  eden space 1536K, 0% used [0x0000021828900000,0x0000021828900000,0x0000021828a80000)
  from space 1536K, 73% used [0x0000021828c80000,0x0000021828d9c010,0x0000021828e00000)
  to   space 1536K, 0% used [0x0000021828b00000,0x0000021828b00000,0x0000021828c80000)
 ParOldGen       total 204800K, used 204543K [0x000001ed7de00000, 0x000001ed8a600000, 0x0000021828900000)
  object space 204800K, 99% used [0x000001ed7de00000,0x000001ed8a5bff68,0x000001ed8a600000)
 Metaspace       used 76191K, committed 77568K, reserved 1179648K
  class space    used 7709K, committed 8320K, reserved 1048576K
}

